Flow report for div
Mon Apr 13 16:08:52 2020
Quartus II Version 10.0 Build 262 08/18/2010 Service Pack 1 SJ Full Version


---------------------
; Table of Contents ;
---------------------
  1. Legal Notice
  2. Flow Summary
  3. Flow Settings
  4. Flow Non-Default Global Settings
  5. Flow Elapsed Time
  6. Flow OS Summary
  7. Flow Log



----------------
; Legal Notice ;
----------------
Copyright (C) 1991-2010 Altera Corporation
Your use of Altera Corporation's design tools, logic functions 
and other software and tools, and its AMPP partner logic 
functions, and any output files from any of the foregoing 
(including device programming or simulation files), and any 
associated documentation or information are expressly subject 
to the terms and conditions of the Altera Program License 
Subscription Agreement, Altera MegaCore Function License 
Agreement, or other applicable license agreement, including, 
without limitation, that your use is for the sole purpose of 
programming logic devices manufactured by Altera and sold by 
Altera or its authorized distributors.  Please refer to the 
applicable agreement for further details.



+-------------------------------------------------------------------------------------+
; Flow Summary                                                                        ;
+------------------------------------+------------------------------------------------+
; Flow Status                        ; Successful - Mon Apr 13 16:08:52 2020          ;
; Quartus II Version                 ; 10.0 Build 262 08/18/2010 SP 1 SJ Full Version ;
; Revision Name                      ; div                                            ;
; Top-level Entity Name              ; div                                            ;
; Family                             ; Cyclone II                                     ;
; Device                             ; EP2C70F896C8                                   ;
; Timing Models                      ; Final                                          ;
; Met timing requirements            ; Yes                                            ;
; Total logic elements               ; 167 / 68,416 ( < 1 % )                         ;
;     Total combinational functions  ; 167 / 68,416 ( < 1 % )                         ;
;     Dedicated logic registers      ; 0 / 68,416 ( 0 % )                             ;
; Total registers                    ; 0                                              ;
; Total pins                         ; 25 / 622 ( 4 % )                               ;
; Total virtual pins                 ; 0                                              ;
; Total memory bits                  ; 0 / 1,152,000 ( 0 % )                          ;
; Embedded Multiplier 9-bit elements ; 0 / 300 ( 0 % )                                ;
; Total PLLs                         ; 0 / 4 ( 0 % )                                  ;
+------------------------------------+------------------------------------------------+


+-----------------------------------------+
; Flow Settings                           ;
+-------------------+---------------------+
; Option            ; Setting             ;
+-------------------+---------------------+
; Start date & time ; 04/13/2020 16:08:36 ;
; Main task         ; Compilation         ;
; Revision Name     ; div                 ;
+-------------------+---------------------+


+--------------------------------------------------------------------------------------------------------------------+
; Flow Non-Default Global Settings                                                                                   ;
+-------------------------------------+-------------------------------+---------------+-------------+----------------+
; Assignment Name                     ; Value                         ; Default Value ; Entity Name ; Section Id     ;
+-------------------------------------+-------------------------------+---------------+-------------+----------------+
; COMPILER_SIGNATURE_ID               ; 2200303521616.158676531502296 ; --            ; --          ; --             ;
; EDA_OUTPUT_DATA_FORMAT              ; Verilog Hdl                   ; --            ; --          ; eda_simulation ;
; EDA_SIMULATION_TOOL                 ; ModelSim (Verilog)            ; <None>        ; --          ; --             ;
; EDA_TIME_SCALE                      ; 1 ps                          ; --            ; --          ; eda_simulation ;
; MAX_CORE_JUNCTION_TEMP              ; 85                            ; --            ; --          ; --             ;
; MIN_CORE_JUNCTION_TEMP              ; 0                             ; --            ; --          ; --             ;
; PARTITION_COLOR                     ; 16764057                      ; --            ; --          ; Top            ;
; PARTITION_FITTER_PRESERVATION_LEVEL ; PLACEMENT_AND_ROUTING         ; --            ; --          ; Top            ;
; PARTITION_NETLIST_TYPE              ; SOURCE                        ; --            ; --          ; Top            ;
+-------------------------------------+-------------------------------+---------------+-------------+----------------+


+-----------------------------------------------------------------------------------------------------------------------------+
; Flow Elapsed Time                                                                                                           ;
+-------------------------+--------------+-------------------------+---------------------+------------------------------------+
; Module Name             ; Elapsed Time ; Average Processors Used ; Peak Virtual Memory ; Total CPU Time (on all processors) ;
+-------------------------+--------------+-------------------------+---------------------+------------------------------------+
; Analysis & Synthesis    ; 00:00:01     ; 1.0                     ; 270 MB              ; 00:00:01                           ;
; Fitter                  ; 00:00:07     ; 2.3                     ; 440 MB              ; 00:00:09                           ;
; Assembler               ; 00:00:03     ; 1.0                     ; 373 MB              ; 00:00:03                           ;
; Classic Timing Analyzer ; 00:00:00     ; 1.0                     ; 219 MB              ; 00:00:00                           ;
; EDA Netlist Writer      ; 00:00:01     ; 1.0                     ; 231 MB              ; 00:00:00                           ;
; Total                   ; 00:00:12     ; --                      ; --                  ; 00:00:13                           ;
+-------------------------+--------------+-------------------------+---------------------+------------------------------------+


+--------------------------------------------------------------------------------------+
; Flow OS Summary                                                                      ;
+-------------------------+------------------+-----------+------------+----------------+
; Module Name             ; Machine Hostname ; OS Name   ; OS Version ; Processor type ;
+-------------------------+------------------+-----------+------------+----------------+
; Analysis & Synthesis    ; DESKTOP-T21F55R  ; Windows 7 ; 6.2        ; x86_64         ;
; Fitter                  ; DESKTOP-T21F55R  ; Windows 7 ; 6.2        ; x86_64         ;
; Assembler               ; DESKTOP-T21F55R  ; Windows 7 ; 6.2        ; x86_64         ;
; Classic Timing Analyzer ; DESKTOP-T21F55R  ; Windows 7 ; 6.2        ; x86_64         ;
; EDA Netlist Writer      ; DESKTOP-T21F55R  ; Windows 7 ; 6.2        ; x86_64         ;
+-------------------------+------------------+-----------+------------+----------------+


------------
; Flow Log ;
------------
quartus_map --read_settings_files=on --write_settings_files=off div -c div
quartus_fit --read_settings_files=off --write_settings_files=off div -c div
quartus_asm --read_settings_files=off --write_settings_files=off div -c div
quartus_tan --read_settings_files=off --write_settings_files=off div -c div --timing_analysis_only
quartus_eda --read_settings_files=off --write_settings_files=off div -c div



